[2016-07-29T12:10:23+0300] DFHack 0.42.06-r1-0-gcaa1b9f on Linux; cwd md5: ee1750ed7d; save: region2; SC_WORLD_UNLOADED; game type NONE (11)
[2016-07-29T12:10:59+0300] DFHack 0.42.06-r1-0-gcaa1b9f on Linux; cwd md5: ee1750ed7d; save: region2; SC_WORLD_LOADED; game type DWARF_MAIN (0)
[2016-07-29T12:48:04+0300] DFHack 0.42.06-r1-0-gcaa1b9f on Linux; cwd md5: ee1750ed7d; save: region2; SC_MAP_LOADED; game type DWARF_MAIN (0)
[2016-07-29T12:52:21+0300] DFHack 0.42.06-r1-0-gcaa1b9f on Linux; cwd md5: ee1750ed7d; save: region2; SC_WORLD_LOADED; game type DWARF_MAIN (0)
[2016-07-29T13:08:52+0300] DFHack 0.42.06-r1-0-gcaa1b9f on Linux; cwd md5: ee1750ed7d; save: region2; SC_MAP_LOADED; game type DWARF_MAIN (0)
[2016-07-30T06:40:54+0300] DFHack 0.42.06-r1-0-gcaa1b9f on Linux; cwd md5: ee1750ed7d; save: region2; SC_MAP_UNLOADED; game type DWARF_MAIN (0)
[2016-07-30T06:40:55+0300] DFHack 0.42.06-r1-0-gcaa1b9f on Linux; cwd md5: ee1750ed7d; save: region2; SC_WORLD_UNLOADED; game type DWARF_MAIN (0)
[2016-07-30T06:41:42+0300] DFHack 0.42.06-r1-0-gcaa1b9f on Linux; cwd md5: ee1750ed7d; save: region2; SC_WORLD_LOADED; game type DWARF_MAIN (0)
[2016-07-30T06:41:42+0300] DFHack 0.42.06-r1-0-gcaa1b9f on Linux; cwd md5: ee1750ed7d; save: region2; SC_MAP_LOADED; game type DWARF_MAIN (0)
[2016-07-30T07:27:42+0300] DFHack 0.42.06-r1-0-gcaa1b9f on Linux; cwd md5: ee1750ed7d; save: region2; SC_MAP_UNLOADED; game type DWARF_MAIN (0)
[2016-07-30T07:27:42+0300] DFHack 0.42.06-r1-0-gcaa1b9f on Linux; cwd md5: ee1750ed7d; save: region2; SC_WORLD_UNLOADED; game type DWARF_MAIN (0)
[2016-07-31T07:13:56+0300] DFHack 0.42.06-r1-0-gcaa1b9f on Linux; cwd md5: ee1750ed7d; save: region2; SC_WORLD_LOADED; game type DWARF_MAIN (0)
[2016-07-31T07:13:56+0300] DFHack 0.42.06-r1-0-gcaa1b9f on Linux; cwd md5: ee1750ed7d; save: region2; SC_MAP_LOADED; game type DWARF_MAIN (0)
[2016-07-31T07:14:35+0300] DFHack 0.42.06-r1-0-gcaa1b9f on Linux; cwd md5: ee1750ed7d; save: region2; SC_MAP_UNLOADED; game type DWARF_MAIN (0)
[2016-07-31T07:15:09+0300] DFHack 0.42.06-r1-0-gcaa1b9f on Linux; cwd md5: ee1750ed7d; save: region2; SC_WORLD_UNLOADED; game type NONE (11)
[2016-07-31T07:15:24+0300] DFHack 0.42.06-r1-0-gcaa1b9f on Linux; cwd md5: ee1750ed7d; save: region2; SC_WORLD_LOADED; game type DWARF_MAIN (0)
[2016-07-31T07:24:33+0300] DFHack 0.42.06-r1-0-gcaa1b9f on Linux; cwd md5: ee1750ed7d; save: region2; SC_WORLD_LOADED; game type DWARF_MAIN (0)
[2016-07-31T07:50:57+0300] DFHack 0.42.06-r1-0-gcaa1b9f on Linux; cwd md5: ee1750ed7d; save: region2; SC_MAP_LOADED; game type DWARF_MAIN (0)
[2016-08-01T08:30:44+0300] DFHack 0.42.06-r1-0-gcaa1b9f on Linux; cwd md5: ee1750ed7d; save: region2; SC_MAP_UNLOADED; game type DWARF_MAIN (0)
[2016-08-01T08:30:45+0300] DFHack 0.42.06-r1-0-gcaa1b9f on Linux; cwd md5: ee1750ed7d; save: region2; SC_WORLD_UNLOADED; game type DWARF_MAIN (0)
[2016-08-01T12:28:09+0300] DFHack 0.42.06-r1-0-gcaa1b9f on Linux; cwd md5: ee1750ed7d; save: region2; SC_WORLD_LOADED; game type DWARF_MAIN (0)
[2016-08-01T12:28:09+0300] DFHack 0.42.06-r1-0-gcaa1b9f on Linux; cwd md5: ee1750ed7d; save: region2; SC_MAP_LOADED; game type DWARF_MAIN (0)
[2016-08-01T12:34:06+0300] DFHack 0.42.06-r1-0-gcaa1b9f on Linux; cwd md5: ee1750ed7d; save: region2; SC_MAP_UNLOADED; game type DWARF_MAIN (0)
[2016-08-01T12:34:06+0300] DFHack 0.42.06-r1-0-gcaa1b9f on Linux; cwd md5: ee1750ed7d; save: region2; SC_WORLD_UNLOADED; game type DWARF_MAIN (0)
[2016-08-01T12:38:12+0300] DFHack 0.42.06-r1-0-gcaa1b9f on Linux; cwd md5: ee1750ed7d; save: region2; SC_WORLD_LOADED; game type DWARF_MAIN (0)
[2016-08-01T12:38:12+0300] DFHack 0.42.06-r1-0-gcaa1b9f on Linux; cwd md5: ee1750ed7d; save: region2; SC_MAP_LOADED; game type DWARF_MAIN (0)
[2016-08-01T12:38:36+0300] DFHack 0.42.06-r1-0-gcaa1b9f on Linux; cwd md5: ee1750ed7d; save: region2; SC_MAP_UNLOADED; game type DWARF_MAIN (0)
[2016-08-01T12:38:36+0300] DFHack 0.42.06-r1-0-gcaa1b9f on Linux; cwd md5: ee1750ed7d; save: region2; SC_WORLD_UNLOADED; game type DWARF_MAIN (0)
[2016-08-01T12:39:55+0300] DFHack 0.42.06-r1-0-gcaa1b9f on Linux; cwd md5: ee1750ed7d; save: region2; SC_WORLD_LOADED; game type DWARF_MAIN (0)
[2016-08-01T12:39:55+0300] DFHack 0.42.06-r1-0-gcaa1b9f on Linux; cwd md5: ee1750ed7d; save: region2; SC_MAP_LOADED; game type DWARF_MAIN (0)
[2016-08-01T12:40:20+0300] DFHack 0.42.06-r1-0-gcaa1b9f on Linux; cwd md5: ee1750ed7d; save: region2; SC_MAP_UNLOADED; game type DWARF_MAIN (0)
[2016-08-01T12:40:20+0300] DFHack 0.42.06-r1-0-gcaa1b9f on Linux; cwd md5: ee1750ed7d; save: region2; SC_WORLD_UNLOADED; game type DWARF_MAIN (0)
[2016-08-01T12:42:02+0300] DFHack 0.42.06-r1-0-gcaa1b9f on Linux; cwd md5: ee1750ed7d; save: region2; SC_WORLD_LOADED; game type DWARF_MAIN (0)
[2016-08-01T12:42:02+0300] DFHack 0.42.06-r1-0-gcaa1b9f on Linux; cwd md5: ee1750ed7d; save: region2; SC_MAP_LOADED; game type DWARF_MAIN (0)
[2016-08-01T12:42:10+0300] DFHack 0.42.06-r1-0-gcaa1b9f on Linux; cwd md5: ee1750ed7d; save: region2; SC_MAP_UNLOADED; game type DWARF_MAIN (0)
[2016-08-01T12:42:10+0300] DFHack 0.42.06-r1-0-gcaa1b9f on Linux; cwd md5: ee1750ed7d; save: region2; SC_WORLD_UNLOADED; game type DWARF_MAIN (0)
[2016-08-01T12:42:57+0300] DFHack 0.42.06-r1-0-gcaa1b9f on Linux; cwd md5: ee1750ed7d; save: region2; SC_WORLD_LOADED; game type DWARF_MAIN (0)
[2016-08-01T12:42:57+0300] DFHack 0.42.06-r1-0-gcaa1b9f on Linux; cwd md5: ee1750ed7d; save: region2; SC_MAP_LOADED; game type DWARF_MAIN (0)
[2016-08-01T12:56:44+0300] DFHack 0.42.06-r1-0-gcaa1b9f on Linux; cwd md5: ee1750ed7d; save: region2; SC_MAP_UNLOADED; game type DWARF_MAIN (0)
[2016-08-01T12:56:44+0300] DFHack 0.42.06-r1-0-gcaa1b9f on Linux; cwd md5: ee1750ed7d; save: region2; SC_WORLD_UNLOADED; game type DWARF_MAIN (0)
[2016-08-01T12:57:44+0300] DFHack 0.42.06-r1-0-gcaa1b9f on Linux; cwd md5: ee1750ed7d; save: region2; SC_WORLD_LOADED; game type DWARF_MAIN (0)
[2016-08-01T12:57:44+0300] DFHack 0.42.06-r1-0-gcaa1b9f on Linux; cwd md5: ee1750ed7d; save: region2; SC_MAP_LOADED; game type DWARF_MAIN (0)
[2016-08-01T15:04:48+0300] DFHack 0.42.06-r1-0-gcaa1b9f on Linux; cwd md5: ee1750ed7d; save: region2; SC_MAP_UNLOADED; game type DWARF_MAIN (0)
[2016-08-01T15:04:48+0300] DFHack 0.42.06-r1-0-gcaa1b9f on Linux; cwd md5: ee1750ed7d; save: region2; SC_WORLD_UNLOADED; game type DWARF_MAIN (0)
[2016-08-03T18:46:34+0300] DFHack 0.42.06-r1-0-gcaa1b9f on Linux; cwd md5: ee1750ed7d; save: region2; SC_WORLD_LOADED; game type DWARF_MAIN (0)
[2016-08-03T18:46:34+0300] DFHack 0.42.06-r1-0-gcaa1b9f on Linux; cwd md5: ee1750ed7d; save: region2; SC_MAP_LOADED; game type DWARF_MAIN (0)
[2016-08-04T17:46:08+0300] DFHack 0.42.06-r1-0-gcaa1b9f on Linux; cwd md5: ee1750ed7d; save: region2; SC_WORLD_LOADED; game type DWARF_MAIN (0)
[2016-08-04T17:46:08+0300] DFHack 0.42.06-r1-0-gcaa1b9f on Linux; cwd md5: ee1750ed7d; save: region2; SC_MAP_LOADED; game type DWARF_MAIN (0)
[2016-08-05T00:01:38+0300] DFHack 0.42.06-r1-0-gcaa1b9f on Linux; cwd md5: ee1750ed7d; save: region2; SC_MAP_UNLOADED; game type DWARF_MAIN (0)
[2016-08-05T00:06:35+0300] DFHack 0.42.06-r1-0-gcaa1b9f on Linux; cwd md5: ee1750ed7d; save: region2; SC_WORLD_UNLOADED; game type NONE (11)
[2016-08-05T00:09:01+0300] DFHack 0.42.06-r1-0-gcaa1b9f on Linux; cwd md5: ee1750ed7d; save: region2; SC_WORLD_LOADED; game type DWARF_MAIN (0)
[2016-08-05T00:13:47+0300] DFHack 0.42.06-r1-0-gcaa1b9f on Linux; cwd md5: ee1750ed7d; save: region2; SC_MAP_LOADED; game type DWARF_MAIN (0)
[2016-08-05T00:22:26+0300] DFHack 0.42.06-r1-0-gcaa1b9f on Linux; cwd md5: ee1750ed7d; save: region2; SC_MAP_UNLOADED; game type DWARF_MAIN (0)
[2016-08-05T00:22:26+0300] DFHack 0.42.06-r1-0-gcaa1b9f on Linux; cwd md5: ee1750ed7d; save: region2; SC_WORLD_UNLOADED; game type DWARF_MAIN (0)
[2016-08-05T07:29:36+0300] DFHack 0.42.06-r1-0-gcaa1b9f on Linux; cwd md5: ee1750ed7d; save: region2; SC_WORLD_LOADED; game type DWARF_MAIN (0)
[2016-08-05T07:29:37+0300] DFHack 0.42.06-r1-0-gcaa1b9f on Linux; cwd md5: ee1750ed7d; save: region2; SC_MAP_LOADED; game type DWARF_MAIN (0)
[2016-08-05T13:09:55+0300] DFHack 0.42.06-r1-0-gcaa1b9f on Linux; cwd md5: ee1750ed7d; save: region2; SC_MAP_UNLOADED; game type DWARF_MAIN (0)
[2016-08-05T13:09:55+0300] DFHack 0.42.06-r1-0-gcaa1b9f on Linux; cwd md5: ee1750ed7d; save: region2; SC_WORLD_UNLOADED; game type DWARF_MAIN (0)
[2016-08-05T13:11:34+0300] DFHack 0.42.06-r1-0-gcaa1b9f on Linux; cwd md5: ee1750ed7d; save: region2; SC_WORLD_LOADED; game type DWARF_MAIN (0)
[2016-08-05T13:11:35+0300] DFHack 0.42.06-r1-0-gcaa1b9f on Linux; cwd md5: ee1750ed7d; save: region2; SC_MAP_LOADED; game type DWARF_MAIN (0)
[2016-08-05T14:15:33+0300] DFHack 0.42.06-r1-0-gcaa1b9f on Linux; cwd md5: ee1750ed7d; save: region2; SC_WORLD_LOADED; game type DWARF_MAIN (0)
[2016-08-05T14:15:33+0300] DFHack 0.42.06-r1-0-gcaa1b9f on Linux; cwd md5: ee1750ed7d; save: region2; SC_MAP_LOADED; game type DWARF_MAIN (0)
[2016-08-05T18:45:30+0300] DFHack 0.42.06-r1-0-gcaa1b9f on Linux; cwd md5: ee1750ed7d; save: region2; SC_MAP_UNLOADED; game type DWARF_MAIN (0)
[2016-08-05T18:45:30+0300] DFHack 0.42.06-r1-0-gcaa1b9f on Linux; cwd md5: ee1750ed7d; save: region2; SC_WORLD_UNLOADED; game type DWARF_MAIN (0)
[2016-08-05T23:28:04+0300] DFHack 0.42.06-r1-0-gcaa1b9f on Linux; cwd md5: ee1750ed7d; save: region2; SC_WORLD_LOADED; game type DWARF_MAIN (0)
[2016-08-05T23:28:04+0300] DFHack 0.42.06-r1-0-gcaa1b9f on Linux; cwd md5: ee1750ed7d; save: region2; SC_MAP_LOADED; game type DWARF_MAIN (0)
[2016-08-06T00:01:20+0300] DFHack 0.42.06-r1-0-gcaa1b9f on Linux; cwd md5: ee1750ed7d; save: region2; SC_MAP_UNLOADED; game type DWARF_MAIN (0)
[2016-08-06T00:01:20+0300] DFHack 0.42.06-r1-0-gcaa1b9f on Linux; cwd md5: ee1750ed7d; save: region2; SC_WORLD_UNLOADED; game type DWARF_MAIN (0)
